[35m[Appium][39m Welcome to Appium v1.19.0
[35m[Appium][39m Non-default server args:
[35m[Appium][39m   port: 62430
[35m[Appium][39m   loglevel: info
[35m[Appium][39m   tmpDir: /var/folders/38/7wcf99qj0njbbf_nnk7ns4q0d0zjjs/T//Katalon/Appium/Temp1606836154611
[35m[Appium][39m   chromedriverPort: 62431
[35m[Appium][39m Deprecated server args:
[35m[Appium][39m   [31m--chromedriver-port[39m => --default-capabilities
[35m[Appium][39m Default capabilities, which will be added to each request unless overridden by desired capabilities:
[35m[Appium][39m   chromedriverPort: 62431
[35m[Appium][39m Appium REST http interface listener started on 0.0.0.0:62430
[35m[HTTP][39m [37m-->[39m [37mGET[39m [37m/wd/hub/status[39m
[35m[HTTP][39m [90m{}[39m
[35m[HTTP][39m [37m<-- GET /wd/hub/status [39m[32m200[39m [90m4 ms - 68[39m
[35m[HTTP][39m [90m[39m
[35m[HTTP][39m [37m-->[39m [37mGET[39m [37m/wd/hub/status[39m
[35m[HTTP][39m [90m{}[39m
[35m[HTTP][39m [37m<-- GET /wd/hub/status [39m[32m200[39m [90m1 ms - 68[39m
[35m[HTTP][39m [90m[39m
[35m[HTTP][39m [37m-->[39m [37mPOST[39m [37m/wd/hub/session[39m
[35m[HTTP][39m [90m{"desiredCapabilities":{"app":"/Users/lianae/Downloads/ECommerceSAMPLEAndroid-201016-115534.apk","noReset":true,"deviceName":"emulator-5554 (Android SDK built for x86 - Android 8.1.0)","fullReset":false,"platform":"ANDROID","newCommandTimeout":1800,"platformVersion":"8.1.0","automationName":"uiautomator2","autoGrantPermissions":true,"platformName":"Android","udid":"emulator-5554","systemPort":62444},"capabilities":{"firstMatch":[{"appium:app":"/Users/lianae/Downloads/ECommerceSAMPLEAndroid-201016-115534.apk","appium:autoGrantPermissions":true,"appium:automationName":"uiautomator2","appium:deviceName":"emulator-5554 (Android SDK built for x86 - Android 8.1.0)","appium:fullReset":false,"appium:newCommandTimeout":1800,"appium:noReset":true,"platform":"ANDROID","platformName":"android","appium:platformVersion":"8.1.0","appium:systemPort":62444,"appium:udid":"emulator-5554"}]}}[39m
[35m[BaseDriver][39m The following capabilities are not standard capabilities and should have an extension prefix:
[35m[BaseDriver][39m   platform
[35m[BaseDriver][39m   chromedriverPort
[35m[Appium][39m Appium v1.19.0 creating new AndroidUiautomator2Driver (v1.59.0) session
[35m[BaseDriver][39m The following capabilities were provided, but are not recognized by Appium:
[35m[BaseDriver][39m   platform
[35m[BaseDriver][39m Session created with session id: 3dc02d15-a44c-4418-8a35-32cbea7b8529
[35m[BaseDriver][39m Using local app '/Users/lianae/Downloads/ECommerceSAMPLEAndroid-201016-115534.apk'
[35m[ADB][39m Found 1 'build-tools' folders under '/Users/lianae/.katalon/tools/android_sdk' (newest first):
[35m[ADB][39m     /Users/lianae/.katalon/tools/android_sdk/build-tools/29.0.3
[35m[ADB][39m Using 'adb' from '/Users/lianae/.katalon/tools/android_sdk/platform-tools/adb'
[35m[AndroidDriver][39m Retrieving device list
[35m[AndroidDriver][39m Using device: emulator-5554
[35m[ADB][39m Using 'adb' from '/Users/lianae/.katalon/tools/android_sdk/platform-tools/adb'
[35m[ADB][39m Package name: 'com.solodroid.solomerce'
[35m[ADB][39m Main activity name: 'com.solodroid.solomerce.activities.ActivitySplash'
[35m[UiAutomator2][39m Server package at '/usr/local/lib/node_modules/appium/node_modules/appium-uiautomator2-server/apks/appium-uiautomator2-server-debug-androidTest.apk' is not writeable. Will copy it into the temporary location at '/var/folders/38/7wcf99qj0njbbf_nnk7ns4q0d0zjjs/T/Katalon/Appium/Temp1606836154611/2020111-37706-c3baae.9y0pq' as a workaround. Consider making this file writeable manually in order to improve the performance of session startup.
[35m[UiAutomator2][39m Server package at '/usr/local/lib/node_modules/appium/node_modules/appium-uiautomator2-server/apks/appium-uiautomator2-server-v4.15.0.apk' is not writeable. Will copy it into the temporary location at '/var/folders/38/7wcf99qj0njbbf_nnk7ns4q0d0zjjs/T/Katalon/Appium/Temp1606836154611/2020111-37706-c3baae.9y0pq' as a workaround. Consider making this file writeable manually in order to improve the performance of session startup.
[35m[ADB][39m Using 'apksigner.jar' from '/Users/lianae/.katalon/tools/android_sdk/build-tools/29.0.3/lib/apksigner.jar'
[35m[ADB][39m '/var/folders/38/7wcf99qj0njbbf_nnk7ns4q0d0zjjs/T/Katalon/Appium/Temp1606836154611/2020111-37706-c3baae.9y0pq/appium-uiautomator2-server-v4.15.0.apk' is signed with the default certificate
[35m[ADB][39m '/var/folders/38/7wcf99qj0njbbf_nnk7ns4q0d0zjjs/T/Katalon/Appium/Temp1606836154611/2020111-37706-c3baae.9y0pq/appium-uiautomator2-server-debug-androidTest.apk' is signed with the default certificate
[35m[UiAutomator2][39m Server packages are not going to be (re)installed
[35m[ADB][39m '/Users/lianae/Downloads/ECommerceSAMPLEAndroid-201016-115534.apk' is signed with a non-default certificate
[35m[UiAutomator2][39m Starting UIAutomator2 server 4.15.0
[35m[UiAutomator2][39m Using UIAutomator2 server from '/usr/local/lib/node_modules/appium/node_modules/appium-uiautomator2-server/apks/appium-uiautomator2-server-v4.15.0.apk' and test from '/usr/local/lib/node_modules/appium/node_modules/appium-uiautomator2-server/apks/appium-uiautomator2-server-debug-androidTest.apk'
[35m[UiAutomator2][39m Waiting up to 30000ms for UiAutomator2 to be online...
[35m[WD Proxy][39m socket hang up
[35m[WD Proxy][39m socket hang up
[35m[WD Proxy][39m Determined the downstream protocol as 'W3C'
[35m[AndroidDriver][39m Screen already unlocked, doing nothing
[35m[UiAutomator2][39m Starting 'com.solodroid.solomerce/com.solodroid.solomerce.activities.ActivitySplash and waiting for 'com.solodroid.solomerce/com.solodroid.solomerce.activities.ActivitySplash'
[35m[Appium][39m New AndroidUiautomator2Driver session created successfully, session 3dc02d15-a44c-4418-8a35-32cbea7b8529 added to master session list
[35m[HTTP][39m [37m<-- POST /wd/hub/session [39m[32m200[39m [90m9811 ms - 1345[39m
[35m[HTTP][39m [90m[39m
[35m[HTTP][39m [37m-->[39m [37mGET[39m [37m/wd/hub/session/3dc02d15-a44c-4418-8a35-32cbea7b8529[39m
[35m[HTTP][39m [90m{}[39m
[35m[HTTP][39m [37m<-- GET /wd/hub/session/3dc02d15-a44c-4418-8a35-32cbea7b8529 [39m[32m200[39m [90m96 ms - 1299[39m
[35m[HTTP][39m [90m[39m
[35m[HTTP][39m [37m-->[39m [37mGET[39m [37m/wd/hub/session/3dc02d15-a44c-4418-8a35-32cbea7b8529[39m
[35m[HTTP][39m [90m{}[39m
[35m[HTTP][39m [37m<-- GET /wd/hub/session/3dc02d15-a44c-4418-8a35-32cbea7b8529 [39m[32m200[39m [90m52 ms - 1299[39m
[35m[HTTP][39m [90m[39m
[35m[HTTP][39m [37m-->[39m [37mGET[39m [37m/wd/hub/status[39m
[35m[HTTP][39m [90m{}[39m
[35m[HTTP][39m [37m<-- GET /wd/hub/status [39m[32m200[39m [90m3 ms - 68[39m
[35m[HTTP][39m [90m[39m
[35m[HTTP][39m [37m-->[39m [37mPOST[39m [37m/wd/hub/session/3dc02d15-a44c-4418-8a35-32cbea7b8529/timeouts[39m
[35m[HTTP][39m [90m{"implicit":60000}[39m
[35m[HTTP][39m [37m<-- POST /wd/hub/session/3dc02d15-a44c-4418-8a35-32cbea7b8529/timeouts [39m[32m200[39m [90m5 ms - 14[39m
[35m[HTTP][39m [90m[39m
[35m[HTTP][39m [37m-->[39m [37mGET[39m [37m/wd/hub/session/3dc02d15-a44c-4418-8a35-32cbea7b8529/source[39m
[35m[HTTP][39m [90m{}[39m
[35m[W3C (3dc02d15)][39m Driver proxy active, passing request on via HTTP proxy
[35m[WD Proxy][39m Replacing sessionId 97d5e9cd-e051-4de9-ab43-a17807785afb with 3dc02d15-a44c-4418-8a35-32cbea7b8529
[35m[HTTP][39m [37m<-- GET /wd/hub/session/3dc02d15-a44c-4418-8a35-32cbea7b8529/source [39m[32m200[39m [90m418 ms - 3679[39m
[35m[HTTP][39m [90m[39m
[35m[HTTP][39m [37m-->[39m [37mGET[39m [37m/wd/hub/session/3dc02d15-a44c-4418-8a35-32cbea7b8529/screenshot[39m
[35m[HTTP][39m [90m{}[39m
[35m[HTTP][39m [37m<-- GET /wd/hub/session/3dc02d15-a44c-4418-8a35-32cbea7b8529/screenshot [39m[32m200[39m [90m1501 ms - 301754[39m
[35m[HTTP][39m [90m[39m
[35m[HTTP][39m [37m-->[39m [37mGET[39m [37m/wd/hub/session/3dc02d15-a44c-4418-8a35-32cbea7b8529/source[39m
[35m[HTTP][39m [90m{}[39m
[35m[W3C (3dc02d15)][39m Driver proxy active, passing request on via HTTP proxy
[35m[WD Proxy][39m Replacing sessionId 97d5e9cd-e051-4de9-ab43-a17807785afb with 3dc02d15-a44c-4418-8a35-32cbea7b8529
[35m[HTTP][39m [37m<-- GET /wd/hub/session/3dc02d15-a44c-4418-8a35-32cbea7b8529/source [39m[32m200[39m [90m388 ms - 30294[39m
[35m[HTTP][39m [90m[39m
[35m[HTTP][39m [37m-->[39m [37mGET[39m [37m/wd/hub/session/3dc02d15-a44c-4418-8a35-32cbea7b8529/screenshot[39m
[35m[HTTP][39m [90m{}[39m
[35m[HTTP][39m [37m<-- GET /wd/hub/session/3dc02d15-a44c-4418-8a35-32cbea7b8529/screenshot [39m[32m200[39m [90m776 ms - 1193652[39m
[35m[HTTP][39m [90m[39m
[35m[HTTP][39m [37m-->[39m [37mPOST[39m [37m/wd/hub/session/3dc02d15-a44c-4418-8a35-32cbea7b8529/elements[39m
[35m[HTTP][39m [90m{"using":"id","value":"com.solodroid.solomerce:id/category_image"}[39m
[35m[HTTP][39m [37m<-- POST /wd/hub/session/3dc02d15-a44c-4418-8a35-32cbea7b8529/elements [39m[32m200[39m [90m71 ms - 523[39m
[35m[HTTP][39m [90m[39m
[35m[HTTP][39m [37m-->[39m [37mPOST[39m [37m/wd/hub/session/3dc02d15-a44c-4418-8a35-32cbea7b8529/elements[39m
[35m[HTTP][39m [90m{"using":"-android uiautomator","value":"new UiSelector().className(\"android.widget.ImageView\").resourceId(\"com.solodroid.solomerce:id/category_image\").packageName(\"com.solodroid.solomerce\").enabled(true).clickable(false).longClickable(false).checkable(false).checked(false).focusable(false).focused(false).scrollable(false).selected(false).index(0)"}[39m
[35m[HTTP][39m [37m<-- POST /wd/hub/session/3dc02d15-a44c-4418-8a35-32cbea7b8529/elements [39m[32m200[39m [90m229 ms - 523[39m
[35m[HTTP][39m [90m[39m
[35m[HTTP][39m [37m-->[39m [37mGET[39m [37m/wd/hub/session/3dc02d15-a44c-4418-8a35-32cbea7b8529/window/rect[39m
[35m[HTTP][39m [90m{}[39m
[35m[HTTP][39m [37m<-- GET /wd/hub/session/3dc02d15-a44c-4418-8a35-32cbea7b8529/window/rect [39m[32m200[39m [90m60 ms - 50[39m
[35m[HTTP][39m [90m[39m
[35m[HTTP][39m [37m-->[39m [37mPOST[39m [37m/wd/hub/session/3dc02d15-a44c-4418-8a35-32cbea7b8529/elements[39m
[35m[HTTP][39m [90m{"using":"xpath","value":"//hierarchy/android.widget.FrameLayout[1]/android.widget.LinearLayout[1]/android.widget.FrameLayout[1]/android.widget.LinearLayout[1]/android.widget.FrameLayout[1]/android.widget.RelativeLayout[1]/android.view.ViewGroup[1]/android.support.v4.view.ViewPager[1]/android.widget.LinearLayout[1]/android.view.ViewGroup[1]/android.support.v7.widget.RecyclerView[1]/android.widget.FrameLayout[1]/android.widget.RelativeLayout[1]/android.view.ViewGroup[1]/android.widget.ImageView[1]"}[39m
[35m[HTTP][39m [37m<-- POST /wd/hub/session/3dc02d15-a44c-4418-8a35-32cbea7b8529/elements [39m[32m200[39m [90m308 ms - 139[39m
[35m[HTTP][39m [90m[39m
[35m[HTTP][39m [37m-->[39m [37mGET[39m [37m/wd/hub/session/3dc02d15-a44c-4418-8a35-32cbea7b8529/element/a0346f0f-e8af-4cef-93a4-d9ac14eed11f/location[39m
[35m[HTTP][39m [90m{}[39m
[35m[W3C (3dc02d15)][39m Driver proxy active, passing request on via HTTP proxy
[35m[WD Proxy][39m Replacing sessionId 97d5e9cd-e051-4de9-ab43-a17807785afb with 3dc02d15-a44c-4418-8a35-32cbea7b8529
[35m[HTTP][39m [37m<-- GET /wd/hub/session/3dc02d15-a44c-4418-8a35-32cbea7b8529/element/a0346f0f-e8af-4cef-93a4-d9ac14eed11f/location [39m[32m200[39m [90m32 ms - 77[39m
[35m[HTTP][39m [90m[39m
[35m[HTTP][39m [37m-->[39m [37mPOST[39m [37m/wd/hub/session/3dc02d15-a44c-4418-8a35-32cbea7b8529/touch/perform[39m
[35m[HTTP][39m [90m{"actions":[{"action":"tap","options":{"x":1,"y":1,"element":"a0346f0f-e8af-4cef-93a4-d9ac14eed11f"}}]}[39m
[35m[UiAutomator2][39m calling get location: a0346f0f-e8af-4cef-93a4-d9ac14eed11f
[35m[HTTP][39m [37m<-- POST /wd/hub/session/3dc02d15-a44c-4418-8a35-32cbea7b8529/touch/perform [39m[32m200[39m [90m171 ms - 14[39m
[35m[HTTP][39m [90m[39m
[35m[HTTP][39m [37m-->[39m [37mGET[39m [37m/wd/hub/session/3dc02d15-a44c-4418-8a35-32cbea7b8529/source[39m
[35m[HTTP][39m [90m{}[39m
[35m[W3C (3dc02d15)][39m Driver proxy active, passing request on via HTTP proxy
[35m[WD Proxy][39m Replacing sessionId 97d5e9cd-e051-4de9-ab43-a17807785afb with 3dc02d15-a44c-4418-8a35-32cbea7b8529
[35m[HTTP][39m [37m<-- GET /wd/hub/session/3dc02d15-a44c-4418-8a35-32cbea7b8529/source [39m[32m200[39m [90m1195 ms - 6649[39m
[35m[HTTP][39m [90m[39m
[35m[HTTP][39m [37m-->[39m [37mGET[39m [37m/wd/hub/session/3dc02d15-a44c-4418-8a35-32cbea7b8529/screenshot[39m
[35m[HTTP][39m [90m{}[39m
[35m[HTTP][39m [37m<-- GET /wd/hub/session/3dc02d15-a44c-4418-8a35-32cbea7b8529/screenshot [39m[32m200[39m [90m1235 ms - 1208866[39m
[35m[HTTP][39m [90m[39m
[35m[HTTP][39m [37m-->[39m [37mGET[39m [37m/wd/hub/session/3dc02d15-a44c-4418-8a35-32cbea7b8529/source[39m
[35m[HTTP][39m [90m{}[39m
[35m[W3C (3dc02d15)][39m Driver proxy active, passing request on via HTTP proxy
[35m[WD Proxy][39m Replacing sessionId 97d5e9cd-e051-4de9-ab43-a17807785afb with 3dc02d15-a44c-4418-8a35-32cbea7b8529
[35m[HTTP][39m [37m<-- GET /wd/hub/session/3dc02d15-a44c-4418-8a35-32cbea7b8529/source [39m[32m200[39m [90m260 ms - 17340[39m
[35m[HTTP][39m [90m[39m
[35m[HTTP][39m [37m-->[39m [37mGET[39m [37m/wd/hub/session/3dc02d15-a44c-4418-8a35-32cbea7b8529/screenshot[39m
[35m[HTTP][39m [90m{}[39m
[35m[HTTP][39m [37m<-- GET /wd/hub/session/3dc02d15-a44c-4418-8a35-32cbea7b8529/screenshot [39m[32m200[39m [90m857 ms - 1351072[39m
[35m[HTTP][39m [90m[39m
[35m[HTTP][39m [37m-->[39m [37mPOST[39m [37m/wd/hub/session/3dc02d15-a44c-4418-8a35-32cbea7b8529/elements[39m
[35m[HTTP][39m [90m{"using":"id","value":"com.solodroid.solomerce:id/btn_add_cart"}[39m
[35m[HTTP][39m [37m<-- POST /wd/hub/session/3dc02d15-a44c-4418-8a35-32cbea7b8529/elements [39m[32m200[39m [90m34 ms - 139[39m
[35m[HTTP][39m [90m[39m
[35m[HTTP][39m [37m-->[39m [37mGET[39m [37m/wd/hub/session/3dc02d15-a44c-4418-8a35-32cbea7b8529/window/rect[39m
[35m[HTTP][39m [90m{}[39m
[35m[HTTP][39m [37m<-- GET /wd/hub/session/3dc02d15-a44c-4418-8a35-32cbea7b8529/window/rect [39m[32m200[39m [90m17 ms - 50[39m
[35m[HTTP][39m [90m[39m
[35m[HTTP][39m [37m-->[39m [37mPOST[39m [37m/wd/hub/session/3dc02d15-a44c-4418-8a35-32cbea7b8529/elements[39m
[35m[HTTP][39m [90m{"using":"id","value":"com.solodroid.solomerce:id/btn_add_cart"}[39m
[35m[HTTP][39m [37m<-- POST /wd/hub/session/3dc02d15-a44c-4418-8a35-32cbea7b8529/elements [39m[32m200[39m [90m23 ms - 139[39m
[35m[HTTP][39m [90m[39m
[35m[HTTP][39m [37m-->[39m [37mGET[39m [37m/wd/hub/session/3dc02d15-a44c-4418-8a35-32cbea7b8529/element/e95a9e04-6918-4b9d-af5e-5703567ff218/location[39m
[35m[HTTP][39m [90m{}[39m
[35m[W3C (3dc02d15)][39m Driver proxy active, passing request on via HTTP proxy
[35m[WD Proxy][39m Replacing sessionId 97d5e9cd-e051-4de9-ab43-a17807785afb with 3dc02d15-a44c-4418-8a35-32cbea7b8529
[35m[HTTP][39m [37m<-- GET /wd/hub/session/3dc02d15-a44c-4418-8a35-32cbea7b8529/element/e95a9e04-6918-4b9d-af5e-5703567ff218/location [39m[32m200[39m [90m31 ms - 77[39m
[35m[HTTP][39m [90m[39m
[35m[HTTP][39m [37m-->[39m [37mPOST[39m [37m/wd/hub/session/3dc02d15-a44c-4418-8a35-32cbea7b8529/touch/perform[39m
[35m[HTTP][39m [90m{"actions":[{"action":"tap","options":{"x":1,"y":1,"element":"e95a9e04-6918-4b9d-af5e-5703567ff218"}}]}[39m
[35m[UiAutomator2][39m calling get location: e95a9e04-6918-4b9d-af5e-5703567ff218
[35m[HTTP][39m [37m<-- POST /wd/hub/session/3dc02d15-a44c-4418-8a35-32cbea7b8529/touch/perform [39m[32m200[39m [90m156 ms - 14[39m
[35m[HTTP][39m [90m[39m
[35m[HTTP][39m [37m-->[39m [37mGET[39m [37m/wd/hub/session/3dc02d15-a44c-4418-8a35-32cbea7b8529/source[39m
[35m[HTTP][39m [90m{}[39m
[35m[W3C (3dc02d15)][39m Driver proxy active, passing request on via HTTP proxy
[35m[WD Proxy][39m Replacing sessionId 97d5e9cd-e051-4de9-ab43-a17807785afb with 3dc02d15-a44c-4418-8a35-32cbea7b8529
[35m[HTTP][39m [37m<-- GET /wd/hub/session/3dc02d15-a44c-4418-8a35-32cbea7b8529/source [39m[32m200[39m [90m408 ms - 6051[39m
[35m[HTTP][39m [90m[39m
[35m[HTTP][39m [37m-->[39m [37mGET[39m [37m/wd/hub/session/3dc02d15-a44c-4418-8a35-32cbea7b8529/screenshot[39m
[35m[HTTP][39m [90m{}[39m
[35m[HTTP][39m [37m<-- GET /wd/hub/session/3dc02d15-a44c-4418-8a35-32cbea7b8529/screenshot [39m[32m200[39m [90m665 ms - 748928[39m
[35m[HTTP][39m [90m[39m
[35m[HTTP][39m [37m-->[39m [37mPOST[39m [37m/wd/hub/session/3dc02d15-a44c-4418-8a35-32cbea7b8529/elements[39m
[35m[HTTP][39m [90m{"using":"id","value":"com.solodroid.solomerce:id/userInputDialog"}[39m
[35m[HTTP][39m [37m<-- POST /wd/hub/session/3dc02d15-a44c-4418-8a35-32cbea7b8529/elements [39m[32m200[39m [90m28 ms - 139[39m
[35m[HTTP][39m [90m[39m
[35m[HTTP][39m [37m-->[39m [37mGET[39m [37m/wd/hub/session/3dc02d15-a44c-4418-8a35-32cbea7b8529/window/rect[39m
[35m[HTTP][39m [90m{}[39m
[35m[HTTP][39m [37m<-- GET /wd/hub/session/3dc02d15-a44c-4418-8a35-32cbea7b8529/window/rect [39m[32m200[39m [90m21 ms - 50[39m
[35m[HTTP][39m [90m[39m
[35m[HTTP][39m [37m-->[39m [37mPOST[39m [37m/wd/hub/session/3dc02d15-a44c-4418-8a35-32cbea7b8529/elements[39m
[35m[HTTP][39m [90m{"using":"id","value":"com.solodroid.solomerce:id/userInputDialog"}[39m
[35m[HTTP][39m [37m<-- POST /wd/hub/session/3dc02d15-a44c-4418-8a35-32cbea7b8529/elements [39m[32m200[39m [90m27 ms - 139[39m
[35m[HTTP][39m [90m[39m
[35m[HTTP][39m [37m-->[39m [37mGET[39m [37m/wd/hub/session/3dc02d15-a44c-4418-8a35-32cbea7b8529/element/e3aeeee2-8443-49ad-a2bf-e04b1a3a6550/location[39m
[35m[HTTP][39m [90m{}[39m
[35m[W3C (3dc02d15)][39m Driver proxy active, passing request on via HTTP proxy
[35m[WD Proxy][39m Replacing sessionId 97d5e9cd-e051-4de9-ab43-a17807785afb with 3dc02d15-a44c-4418-8a35-32cbea7b8529
[35m[HTTP][39m [37m<-- GET /wd/hub/session/3dc02d15-a44c-4418-8a35-32cbea7b8529/element/e3aeeee2-8443-49ad-a2bf-e04b1a3a6550/location [39m[32m200[39m [90m16 ms - 78[39m
[35m[HTTP][39m [90m[39m
[35m[HTTP][39m [37m-->[39m [37mPOST[39m [37m/wd/hub/session/3dc02d15-a44c-4418-8a35-32cbea7b8529/element/e3aeeee2-8443-49ad-a2bf-e04b1a3a6550/clear[39m
[35m[HTTP][39m [90m{"id":"e3aeeee2-8443-49ad-a2bf-e04b1a3a6550"}[39m
[35m[HTTP][39m [37m<-- POST /wd/hub/session/3dc02d15-a44c-4418-8a35-32cbea7b8529/element/e3aeeee2-8443-49ad-a2bf-e04b1a3a6550/clear [39m[32m200[39m [90m18 ms - 14[39m
[35m[HTTP][39m [90m[39m
[35m[HTTP][39m [37m-->[39m [37mPOST[39m [37m/wd/hub/session/3dc02d15-a44c-4418-8a35-32cbea7b8529/element/e3aeeee2-8443-49ad-a2bf-e04b1a3a6550/value[39m
[35m[HTTP][39m [90m{"id":"e3aeeee2-8443-49ad-a2bf-e04b1a3a6550","text":"1","value":["1"]}[39m
[35m[HTTP][39m [37m<-- POST /wd/hub/session/3dc02d15-a44c-4418-8a35-32cbea7b8529/element/e3aeeee2-8443-49ad-a2bf-e04b1a3a6550/value [39m[32m200[39m [90m540 ms - 14[39m
[35m[HTTP][39m [90m[39m
[35m[HTTP][39m [37m-->[39m [37mGET[39m [37m/wd/hub/session/3dc02d15-a44c-4418-8a35-32cbea7b8529/source[39m
[35m[HTTP][39m [90m{}[39m
[35m[W3C (3dc02d15)][39m Driver proxy active, passing request on via HTTP proxy
[35m[WD Proxy][39m Replacing sessionId 97d5e9cd-e051-4de9-ab43-a17807785afb with 3dc02d15-a44c-4418-8a35-32cbea7b8529
[35m[HTTP][39m [37m<-- GET /wd/hub/session/3dc02d15-a44c-4418-8a35-32cbea7b8529/source [39m[32m200[39m [90m58 ms - 6052[39m
[35m[HTTP][39m [90m[39m
[35m[HTTP][39m [37m-->[39m [37mGET[39m [37m/wd/hub/session/3dc02d15-a44c-4418-8a35-32cbea7b8529/screenshot[39m
[35m[HTTP][39m [90m{}[39m
[35m[HTTP][39m [37m<-- GET /wd/hub/session/3dc02d15-a44c-4418-8a35-32cbea7b8529/screenshot [39m[32m200[39m [90m615 ms - 749358[39m
[35m[HTTP][39m [90m[39m
[35m[HTTP][39m [37m-->[39m [37mPOST[39m [37m/wd/hub/session/3dc02d15-a44c-4418-8a35-32cbea7b8529/elements[39m
[35m[HTTP][39m [90m{"using":"id","value":"android:id/button1"}[39m
[35m[HTTP][39m [37m<-- POST /wd/hub/session/3dc02d15-a44c-4418-8a35-32cbea7b8529/elements [39m[32m200[39m [90m21 ms - 139[39m
[35m[HTTP][39m [90m[39m
[35m[HTTP][39m [37m-->[39m [37mGET[39m [37m/wd/hub/session/3dc02d15-a44c-4418-8a35-32cbea7b8529/window/rect[39m
[35m[HTTP][39m [90m{}[39m
[35m[HTTP][39m [37m<-- GET /wd/hub/session/3dc02d15-a44c-4418-8a35-32cbea7b8529/window/rect [39m[32m200[39m [90m19 ms - 50[39m
[35m[HTTP][39m [90m[39m
[35m[HTTP][39m [37m-->[39m [37mPOST[39m [37m/wd/hub/session/3dc02d15-a44c-4418-8a35-32cbea7b8529/elements[39m
[35m[HTTP][39m [90m{"using":"id","value":"android:id/button1"}[39m
[35m[HTTP][39m [37m<-- POST /wd/hub/session/3dc02d15-a44c-4418-8a35-32cbea7b8529/elements [39m[32m200[39m [90m20 ms - 139[39m
[35m[HTTP][39m [90m[39m
[35m[HTTP][39m [37m-->[39m [37mGET[39m [37m/wd/hub/session/3dc02d15-a44c-4418-8a35-32cbea7b8529/element/c47b9ce1-aed4-46da-bc0b-b34e2885a90a/location[39m
[35m[HTTP][39m [90m{}[39m
[35m[W3C (3dc02d15)][39m Driver proxy active, passing request on via HTTP proxy
[35m[WD Proxy][39m Replacing sessionId 97d5e9cd-e051-4de9-ab43-a17807785afb with 3dc02d15-a44c-4418-8a35-32cbea7b8529
[35m[HTTP][39m [37m<-- GET /wd/hub/session/3dc02d15-a44c-4418-8a35-32cbea7b8529/element/c47b9ce1-aed4-46da-bc0b-b34e2885a90a/location [39m[32m200[39m [90m20 ms - 79[39m
[35m[HTTP][39m [90m[39m
[35m[HTTP][39m [37m-->[39m [37mPOST[39m [37m/wd/hub/session/3dc02d15-a44c-4418-8a35-32cbea7b8529/touch/perform[39m
[35m[HTTP][39m [90m{"actions":[{"action":"tap","options":{"x":1,"y":1,"element":"c47b9ce1-aed4-46da-bc0b-b34e2885a90a"}}]}[39m
[35m[UiAutomator2][39m calling get location: c47b9ce1-aed4-46da-bc0b-b34e2885a90a
[35m[HTTP][39m [37m<-- POST /wd/hub/session/3dc02d15-a44c-4418-8a35-32cbea7b8529/touch/perform [39m[32m200[39m [90m168 ms - 14[39m
[35m[HTTP][39m [90m[39m
[35m[HTTP][39m [37m-->[39m [37mGET[39m [37m/wd/hub/session/3dc02d15-a44c-4418-8a35-32cbea7b8529/source[39m
[35m[HTTP][39m [90m{}[39m
[35m[W3C (3dc02d15)][39m Driver proxy active, passing request on via HTTP proxy
[35m[WD Proxy][39m Replacing sessionId 97d5e9cd-e051-4de9-ab43-a17807785afb with 3dc02d15-a44c-4418-8a35-32cbea7b8529
[35m[HTTP][39m [37m<-- GET /wd/hub/session/3dc02d15-a44c-4418-8a35-32cbea7b8529/source [39m[32m200[39m [90m167 ms - 17722[39m
[35m[HTTP][39m [90m[39m
[35m[HTTP][39m [37m-->[39m [37mGET[39m [37m/wd/hub/session/3dc02d15-a44c-4418-8a35-32cbea7b8529/screenshot[39m
[35m[HTTP][39m [90m{}[39m
[35m[HTTP][39m [37m<-- GET /wd/hub/session/3dc02d15-a44c-4418-8a35-32cbea7b8529/screenshot [39m[32m200[39m [90m1002 ms - 1358264[39m
[35m[HTTP][39m [90m[39m
[35m[HTTP][39m [37m-->[39m [37mPOST[39m [37m/wd/hub/session/3dc02d15-a44c-4418-8a35-32cbea7b8529/elements[39m
[35m[HTTP][39m [90m{"using":"accessibility id","value":"My Cart"}[39m
[35m[HTTP][39m [37m<-- POST /wd/hub/session/3dc02d15-a44c-4418-8a35-32cbea7b8529/elements [39m[32m200[39m [90m25 ms - 267[39m
[35m[HTTP][39m [90m[39m
[35m[HTTP][39m [37m-->[39m [37mPOST[39m [37m/wd/hub/session/3dc02d15-a44c-4418-8a35-32cbea7b8529/elements[39m
[35m[HTTP][39m [90m{"using":"id","value":"com.solodroid.solomerce:id/cart"}[39m
[35m[HTTP][39m [37m<-- POST /wd/hub/session/3dc02d15-a44c-4418-8a35-32cbea7b8529/elements [39m[32m200[39m [90m25 ms - 139[39m
[35m[HTTP][39m [90m[39m
[35m[HTTP][39m [37m-->[39m [37mGET[39m [37m/wd/hub/session/3dc02d15-a44c-4418-8a35-32cbea7b8529/window/rect[39m
[35m[HTTP][39m [90m{}[39m
[35m[HTTP][39m [37m<-- GET /wd/hub/session/3dc02d15-a44c-4418-8a35-32cbea7b8529/window/rect [39m[32m200[39m [90m16 ms - 50[39m
[35m[HTTP][39m [90m[39m
[35m[HTTP][39m [37m-->[39m [37mPOST[39m [37m/wd/hub/session/3dc02d15-a44c-4418-8a35-32cbea7b8529/elements[39m
[35m[HTTP][39m [90m{"using":"id","value":"com.solodroid.solomerce:id/cart"}[39m
[35m[HTTP][39m [37m<-- POST /wd/hub/session/3dc02d15-a44c-4418-8a35-32cbea7b8529/elements [39m[32m200[39m [90m31 ms - 139[39m
[35m[HTTP][39m [90m[39m
[35m[HTTP][39m [37m-->[39m [37mGET[39m [37m/wd/hub/session/3dc02d15-a44c-4418-8a35-32cbea7b8529/element/0c898034-efc8-4f84-acf9-4fcff1c94077/location[39m
[35m[HTTP][39m [90m{}[39m
[35m[W3C (3dc02d15)][39m Driver proxy active, passing request on via HTTP proxy
[35m[WD Proxy][39m Replacing sessionId 97d5e9cd-e051-4de9-ab43-a17807785afb with 3dc02d15-a44c-4418-8a35-32cbea7b8529
[35m[HTTP][39m [37m<-- GET /wd/hub/session/3dc02d15-a44c-4418-8a35-32cbea7b8529/element/0c898034-efc8-4f84-acf9-4fcff1c94077/location [39m[32m200[39m [90m19 ms - 77[39m
[35m[HTTP][39m [90m[39m
[35m[HTTP][39m [37m-->[39m [37mPOST[39m [37m/wd/hub/session/3dc02d15-a44c-4418-8a35-32cbea7b8529/touch/perform[39m
[35m[HTTP][39m [90m{"actions":[{"action":"tap","options":{"x":1,"y":1,"element":"0c898034-efc8-4f84-acf9-4fcff1c94077"}}]}[39m
[35m[UiAutomator2][39m calling get location: 0c898034-efc8-4f84-acf9-4fcff1c94077
[35m[HTTP][39m [37m<-- POST /wd/hub/session/3dc02d15-a44c-4418-8a35-32cbea7b8529/touch/perform [39m[32m200[39m [90m144 ms - 14[39m
[35m[HTTP][39m [90m[39m
[35m[HTTP][39m [37m-->[39m [37mGET[39m [37m/wd/hub/session/3dc02d15-a44c-4418-8a35-32cbea7b8529/source[39m
[35m[HTTP][39m [90m{}[39m
[35m[W3C (3dc02d15)][39m Driver proxy active, passing request on via HTTP proxy
[35m[WD Proxy][39m Replacing sessionId 97d5e9cd-e051-4de9-ab43-a17807785afb with 3dc02d15-a44c-4418-8a35-32cbea7b8529
[35m[HTTP][39m [37m<-- GET /wd/hub/session/3dc02d15-a44c-4418-8a35-32cbea7b8529/source [39m[32m200[39m [90m894 ms - 15626[39m
[35m[HTTP][39m [90m[39m
[35m[HTTP][39m [37m-->[39m [37mGET[39m [37m/wd/hub/session/3dc02d15-a44c-4418-8a35-32cbea7b8529/screenshot[39m
[35m[HTTP][39m [90m{}[39m
[35m[HTTP][39m [37m<-- GET /wd/hub/session/3dc02d15-a44c-4418-8a35-32cbea7b8529/screenshot [39m[32m200[39m [90m327 ms - 175542[39m
[35m[HTTP][39m [90m[39m
[35m[HTTP][39m [37m-->[39m [37mPOST[39m [37m/wd/hub/session/3dc02d15-a44c-4418-8a35-32cbea7b8529/elements[39m
[35m[HTTP][39m [90m{"using":"id","value":"com.solodroid.solomerce:id/btn_checkout"}[39m
[35m[HTTP][39m [37m<-- POST /wd/hub/session/3dc02d15-a44c-4418-8a35-32cbea7b8529/elements [39m[32m200[39m [90m23 ms - 139[39m
[35m[HTTP][39m [90m[39m
[35m[HTTP][39m [37m-->[39m [37mGET[39m [37m/wd/hub/session/3dc02d15-a44c-4418-8a35-32cbea7b8529/window/rect[39m
[35m[HTTP][39m [90m{}[39m
[35m[HTTP][39m [37m<-- GET /wd/hub/session/3dc02d15-a44c-4418-8a35-32cbea7b8529/window/rect [39m[32m200[39m [90m17 ms - 50[39m
[35m[HTTP][39m [90m[39m
[35m[HTTP][39m [37m-->[39m [37mPOST[39m [37m/wd/hub/session/3dc02d15-a44c-4418-8a35-32cbea7b8529/elements[39m
[35m[HTTP][39m [90m{"using":"id","value":"com.solodroid.solomerce:id/btn_checkout"}[39m
[35m[HTTP][39m [37m<-- POST /wd/hub/session/3dc02d15-a44c-4418-8a35-32cbea7b8529/elements [39m[32m200[39m [90m24 ms - 139[39m
[35m[HTTP][39m [90m[39m
[35m[HTTP][39m [37m-->[39m [37mGET[39m [37m/wd/hub/session/3dc02d15-a44c-4418-8a35-32cbea7b8529/element/126f54d1-640a-49c6-b554-b5fa96cafd1a/location[39m
[35m[HTTP][39m [90m{}[39m
[35m[W3C (3dc02d15)][39m Driver proxy active, passing request on via HTTP proxy
[35m[WD Proxy][39m Replacing sessionId 97d5e9cd-e051-4de9-ab43-a17807785afb with 3dc02d15-a44c-4418-8a35-32cbea7b8529
[35m[HTTP][39m [37m<-- GET /wd/hub/session/3dc02d15-a44c-4418-8a35-32cbea7b8529/element/126f54d1-640a-49c6-b554-b5fa96cafd1a/location [39m[32m200[39m [90m24 ms - 79[39m
[35m[HTTP][39m [90m[39m
[35m[HTTP][39m [37m-->[39m [37mPOST[39m [37m/wd/hub/session/3dc02d15-a44c-4418-8a35-32cbea7b8529/touch/perform[39m
[35m[HTTP][39m [90m{"actions":[{"action":"tap","options":{"x":1,"y":1,"element":"126f54d1-640a-49c6-b554-b5fa96cafd1a"}}]}[39m
[35m[UiAutomator2][39m calling get location: 126f54d1-640a-49c6-b554-b5fa96cafd1a
[35m[HTTP][39m [37m<-- POST /wd/hub/session/3dc02d15-a44c-4418-8a35-32cbea7b8529/touch/perform [39m[32m200[39m [90m183 ms - 14[39m
[35m[HTTP][39m [90m[39m
[35m[HTTP][39m [37m-->[39m [37mGET[39m [37m/wd/hub/session/3dc02d15-a44c-4418-8a35-32cbea7b8529/source[39m
[35m[HTTP][39m [90m{}[39m
[35m[W3C (3dc02d15)][39m Driver proxy active, passing request on via HTTP proxy
[35m[WD Proxy][39m Replacing sessionId 97d5e9cd-e051-4de9-ab43-a17807785afb with 3dc02d15-a44c-4418-8a35-32cbea7b8529
[35m[HTTP][39m [37m<-- GET /wd/hub/session/3dc02d15-a44c-4418-8a35-32cbea7b8529/source [39m[32m200[39m [90m1028 ms - 16285[39m
[35m[HTTP][39m [90m[39m
[35m[HTTP][39m [37m-->[39m [37mGET[39m [37m/wd/hub/session/3dc02d15-a44c-4418-8a35-32cbea7b8529/screenshot[39m
[35m[HTTP][39m [90m{}[39m
[35m[HTTP][39m [37m<-- GET /wd/hub/session/3dc02d15-a44c-4418-8a35-32cbea7b8529/screenshot [39m[32m200[39m [90m415 ms - 190998[39m
[35m[HTTP][39m [90m[39m
[35m[HTTP][39m [37m-->[39m [37mPOST[39m [37m/wd/hub/session/3dc02d15-a44c-4418-8a35-32cbea7b8529/elements[39m
[35m[HTTP][39m [90m{"using":"id","value":"com.solodroid.solomerce:id/btn_submit_order"}[39m
[35m[HTTP][39m [37m<-- POST /wd/hub/session/3dc02d15-a44c-4418-8a35-32cbea7b8529/elements [39m[32m200[39m [90m30 ms - 139[39m
[35m[HTTP][39m [90m[39m
[35m[HTTP][39m [37m-->[39m [37mGET[39m [37m/wd/hub/session/3dc02d15-a44c-4418-8a35-32cbea7b8529/window/rect[39m
[35m[HTTP][39m [90m{}[39m
[35m[HTTP][39m [37m<-- GET /wd/hub/session/3dc02d15-a44c-4418-8a35-32cbea7b8529/window/rect [39m[32m200[39m [90m20 ms - 50[39m
[35m[HTTP][39m [90m[39m
[35m[HTTP][39m [37m-->[39m [37mPOST[39m [37m/wd/hub/session/3dc02d15-a44c-4418-8a35-32cbea7b8529/elements[39m
[35m[HTTP][39m [90m{"using":"id","value":"com.solodroid.solomerce:id/btn_submit_order"}[39m
[35m[HTTP][39m [37m<-- POST /wd/hub/session/3dc02d15-a44c-4418-8a35-32cbea7b8529/elements [39m[32m200[39m [90m23 ms - 139[39m
[35m[HTTP][39m [90m[39m
[35m[HTTP][39m [37m-->[39m [37mGET[39m [37m/wd/hub/session/3dc02d15-a44c-4418-8a35-32cbea7b8529/element/2618c8dd-658c-4737-b78d-d5d1f2e57680/location[39m
[35m[HTTP][39m [90m{}[39m
[35m[W3C (3dc02d15)][39m Driver proxy active, passing request on via HTTP proxy
[35m[WD Proxy][39m Replacing sessionId 97d5e9cd-e051-4de9-ab43-a17807785afb with 3dc02d15-a44c-4418-8a35-32cbea7b8529
[35m[HTTP][39m [37m<-- GET /wd/hub/session/3dc02d15-a44c-4418-8a35-32cbea7b8529/element/2618c8dd-658c-4737-b78d-d5d1f2e57680/location [39m[32m200[39m [90m37 ms - 77[39m
[35m[HTTP][39m [90m[39m
[35m[HTTP][39m [37m-->[39m [37mPOST[39m [37m/wd/hub/session/3dc02d15-a44c-4418-8a35-32cbea7b8529/touch/perform[39m
[35m[HTTP][39m [90m{"actions":[{"action":"tap","options":{"x":1,"y":1,"element":"2618c8dd-658c-4737-b78d-d5d1f2e57680"}}]}[39m
[35m[UiAutomator2][39m calling get location: 2618c8dd-658c-4737-b78d-d5d1f2e57680
[35m[HTTP][39m [37m<-- POST /wd/hub/session/3dc02d15-a44c-4418-8a35-32cbea7b8529/touch/perform [39m[32m200[39m [90m163 ms - 14[39m
[35m[HTTP][39m [90m[39m
[35m[HTTP][39m [37m-->[39m [37mGET[39m [37m/wd/hub/session/3dc02d15-a44c-4418-8a35-32cbea7b8529/source[39m
[35m[HTTP][39m [90m{}[39m
[35m[W3C (3dc02d15)][39m Driver proxy active, passing request on via HTTP proxy
[35m[WD Proxy][39m Replacing sessionId 97d5e9cd-e051-4de9-ab43-a17807785afb with 3dc02d15-a44c-4418-8a35-32cbea7b8529
[35m[HTTP][39m [37m<-- GET /wd/hub/session/3dc02d15-a44c-4418-8a35-32cbea7b8529/source [39m[32m200[39m [90m418 ms - 7312[39m
[35m[HTTP][39m [90m[39m
[35m[HTTP][39m [37m-->[39m [37mGET[39m [37m/wd/hub/session/3dc02d15-a44c-4418-8a35-32cbea7b8529/screenshot[39m
[35m[HTTP][39m [90m{}[39m
[35m[HTTP][39m [37m<-- GET /wd/hub/session/3dc02d15-a44c-4418-8a35-32cbea7b8529/screenshot [39m[32m200[39m [90m508 ms - 194500[39m
[35m[HTTP][39m [90m[39m
[35m[HTTP][39m [37m-->[39m [37mPOST[39m [37m/wd/hub/session/3dc02d15-a44c-4418-8a35-32cbea7b8529/elements[39m
[35m[HTTP][39m [90m{"using":"id","value":"android:id/button1"}[39m
[35m[HTTP][39m [37m<-- POST /wd/hub/session/3dc02d15-a44c-4418-8a35-32cbea7b8529/elements [39m[32m200[39m [90m25 ms - 139[39m
[35m[HTTP][39m [90m[39m
[35m[HTTP][39m [37m-->[39m [37mGET[39m [37m/wd/hub/session/3dc02d15-a44c-4418-8a35-32cbea7b8529/window/rect[39m
[35m[HTTP][39m [90m{}[39m
[35m[HTTP][39m [37m<-- GET /wd/hub/session/3dc02d15-a44c-4418-8a35-32cbea7b8529/window/rect [39m[32m200[39m [90m14 ms - 50[39m
[35m[HTTP][39m [90m[39m
[35m[HTTP][39m [37m-->[39m [37mPOST[39m [37m/wd/hub/session/3dc02d15-a44c-4418-8a35-32cbea7b8529/elements[39m
[35m[HTTP][39m [90m{"using":"id","value":"android:id/button1"}[39m
[35m[HTTP][39m [37m<-- POST /wd/hub/session/3dc02d15-a44c-4418-8a35-32cbea7b8529/elements [39m[32m200[39m [90m19 ms - 139[39m
[35m[HTTP][39m [90m[39m
[35m[HTTP][39m [37m-->[39m [37mGET[39m [37m/wd/hub/session/3dc02d15-a44c-4418-8a35-32cbea7b8529/element/6d95ec92-41f8-4f2f-bf07-8270e49a2cbd/location[39m
[35m[HTTP][39m [90m{}[39m
[35m[W3C (3dc02d15)][39m Driver proxy active, passing request on via HTTP proxy
[35m[WD Proxy][39m Replacing sessionId 97d5e9cd-e051-4de9-ab43-a17807785afb with 3dc02d15-a44c-4418-8a35-32cbea7b8529
[35m[HTTP][39m [37m<-- GET /wd/hub/session/3dc02d15-a44c-4418-8a35-32cbea7b8529/element/6d95ec92-41f8-4f2f-bf07-8270e49a2cbd/location [39m[32m200[39m [90m27 ms - 78[39m
[35m[HTTP][39m [90m[39m
[35m[HTTP][39m [37m-->[39m [37mPOST[39m [37m/wd/hub/session/3dc02d15-a44c-4418-8a35-32cbea7b8529/touch/perform[39m
[35m[HTTP][39m [90m{"actions":[{"action":"tap","options":{"x":1,"y":1,"element":"6d95ec92-41f8-4f2f-bf07-8270e49a2cbd"}}]}[39m
[35m[UiAutomator2][39m calling get location: 6d95ec92-41f8-4f2f-bf07-8270e49a2cbd
[35m[HTTP][39m [37m<-- POST /wd/hub/session/3dc02d15-a44c-4418-8a35-32cbea7b8529/touch/perform [39m[32m200[39m [90m145 ms - 14[39m
[35m[HTTP][39m [90m[39m
[35m[HTTP][39m [37m-->[39m [37mGET[39m [37m/wd/hub/session/3dc02d15-a44c-4418-8a35-32cbea7b8529/source[39m
[35m[HTTP][39m [90m{}[39m
[35m[W3C (3dc02d15)][39m Driver proxy active, passing request on via HTTP proxy
[35m[WD Proxy][39m Replacing sessionId 97d5e9cd-e051-4de9-ab43-a17807785afb with 3dc02d15-a44c-4418-8a35-32cbea7b8529
[35m[HTTP][39m [37m<-- GET /wd/hub/session/3dc02d15-a44c-4418-8a35-32cbea7b8529/source [39m[32m200[39m [90m282 ms - 6058[39m
[35m[HTTP][39m [90m[39m
[35m[HTTP][39m [37m-->[39m [37mGET[39m [37m/wd/hub/session/3dc02d15-a44c-4418-8a35-32cbea7b8529/screenshot[39m
[35m[HTTP][39m [90m{}[39m
[35m[HTTP][39m [37m<-- GET /wd/hub/session/3dc02d15-a44c-4418-8a35-32cbea7b8529/screenshot [39m[32m200[39m [90m704 ms - 185124[39m
[35m[HTTP][39m [90m[39m
[35m[HTTP][39m [37m-->[39m [37mGET[39m [37m/wd/hub/session/3dc02d15-a44c-4418-8a35-32cbea7b8529/source[39m
[35m[HTTP][39m [90m{}[39m
[35m[W3C (3dc02d15)][39m Driver proxy active, passing request on via HTTP proxy
[35m[WD Proxy][39m Replacing sessionId 97d5e9cd-e051-4de9-ab43-a17807785afb with 3dc02d15-a44c-4418-8a35-32cbea7b8529
[35m[HTTP][39m [37m<-- GET /wd/hub/session/3dc02d15-a44c-4418-8a35-32cbea7b8529/source [39m[32m200[39m [90m67 ms - 6993[39m
[35m[HTTP][39m [90m[39m
[35m[HTTP][39m [37m-->[39m [37mGET[39m [37m/wd/hub/session/3dc02d15-a44c-4418-8a35-32cbea7b8529/screenshot[39m
[35m[HTTP][39m [90m{}[39m
[35m[HTTP][39m [37m<-- GET /wd/hub/session/3dc02d15-a44c-4418-8a35-32cbea7b8529/screenshot [39m[32m200[39m [90m358 ms - 210374[39m
[35m[HTTP][39m [90m[39m
[35m[HTTP][39m [37m-->[39m [37mPOST[39m [37m/wd/hub/session/3dc02d15-a44c-4418-8a35-32cbea7b8529/elements[39m
[35m[HTTP][39m [90m{"using":"id","value":"android:id/button1"}[39m
[35m[HTTP][39m [37m<-- POST /wd/hub/session/3dc02d15-a44c-4418-8a35-32cbea7b8529/elements [39m[32m200[39m [90m20 ms - 139[39m
[35m[HTTP][39m [90m[39m
[35m[HTTP][39m [37m-->[39m [37mGET[39m [37m/wd/hub/session/3dc02d15-a44c-4418-8a35-32cbea7b8529/window/rect[39m
[35m[HTTP][39m [90m{}[39m
[35m[HTTP][39m [37m<-- GET /wd/hub/session/3dc02d15-a44c-4418-8a35-32cbea7b8529/window/rect [39m[32m200[39m [90m20 ms - 50[39m
[35m[HTTP][39m [90m[39m
[35m[HTTP][39m [37m-->[39m [37mPOST[39m [37m/wd/hub/session/3dc02d15-a44c-4418-8a35-32cbea7b8529/elements[39m
[35m[HTTP][39m [90m{"using":"id","value":"android:id/button1"}[39m
[35m[HTTP][39m [37m<-- POST /wd/hub/session/3dc02d15-a44c-4418-8a35-32cbea7b8529/elements [39m[32m200[39m [90m23 ms - 139[39m
[35m[HTTP][39m [90m[39m
[35m[HTTP][39m [37m-->[39m [37mGET[39m [37m/wd/hub/session/3dc02d15-a44c-4418-8a35-32cbea7b8529/element/e7aeea3b-33db-49e4-86b0-b601da634626/location[39m
[35m[HTTP][39m [90m{}[39m
[35m[W3C (3dc02d15)][39m Driver proxy active, passing request on via HTTP proxy
[35m[WD Proxy][39m Replacing sessionId 97d5e9cd-e051-4de9-ab43-a17807785afb with 3dc02d15-a44c-4418-8a35-32cbea7b8529
[35m[HTTP][39m [37m<-- GET /wd/hub/session/3dc02d15-a44c-4418-8a35-32cbea7b8529/element/e7aeea3b-33db-49e4-86b0-b601da634626/location [39m[32m200[39m [90m30 ms - 79[39m
[35m[HTTP][39m [90m[39m
[35m[HTTP][39m [37m-->[39m [37mPOST[39m [37m/wd/hub/session/3dc02d15-a44c-4418-8a35-32cbea7b8529/touch/perform[39m
[35m[HTTP][39m [90m{"actions":[{"action":"tap","options":{"x":1,"y":1,"element":"e7aeea3b-33db-49e4-86b0-b601da634626"}}]}[39m
[35m[UiAutomator2][39m calling get location: e7aeea3b-33db-49e4-86b0-b601da634626
[35m[HTTP][39m [37m<-- POST /wd/hub/session/3dc02d15-a44c-4418-8a35-32cbea7b8529/touch/perform [39m[32m200[39m [90m168 ms - 14[39m
[35m[HTTP][39m [90m[39m
[35m[HTTP][39m [37m-->[39m [37mGET[39m [37m/wd/hub/session/3dc02d15-a44c-4418-8a35-32cbea7b8529/source[39m
[35m[HTTP][39m [90m{}[39m
[35m[W3C (3dc02d15)][39m Driver proxy active, passing request on via HTTP proxy
[35m[WD Proxy][39m Replacing sessionId 97d5e9cd-e051-4de9-ab43-a17807785afb with 3dc02d15-a44c-4418-8a35-32cbea7b8529
[35m[HTTP][39m [37m<-- GET /wd/hub/session/3dc02d15-a44c-4418-8a35-32cbea7b8529/source [39m[32m200[39m [90m453 ms - 30294[39m
[35m[HTTP][39m [90m[39m
[35m[HTTP][39m [37m-->[39m [37mGET[39m [37m/wd/hub/session/3dc02d15-a44c-4418-8a35-32cbea7b8529/screenshot[39m
[35m[HTTP][39m [90m{}[39m
[35m[HTTP][39m [37m<-- GET /wd/hub/session/3dc02d15-a44c-4418-8a35-32cbea7b8529/screenshot [39m[32m200[39m [90m839 ms - 1193630[39m
[35m[HTTP][39m [90m[39m
[35m[HTTP][39m [37m-->[39m [37mPOST[39m [37m/wd/hub/session/3dc02d15-a44c-4418-8a35-32cbea7b8529/elements[39m
[35m[HTTP][39m [90m{"using":"id","value":"com.solodroid.solomerce:id/category_image"}[39m
[35m[HTTP][39m [37m<-- POST /wd/hub/session/3dc02d15-a44c-4418-8a35-32cbea7b8529/elements [39m[32m200[39m [90m44 ms - 523[39m
[35m[HTTP][39m [90m[39m
[35m[HTTP][39m [37m-->[39m [37mPOST[39m [37m/wd/hub/session/3dc02d15-a44c-4418-8a35-32cbea7b8529/elements[39m
[35m[HTTP][39m [90m{"using":"-android uiautomator","value":"new UiSelector().className(\"android.widget.ImageView\").resourceId(\"com.solodroid.solomerce:id/category_image\").packageName(\"com.solodroid.solomerce\").enabled(true).clickable(false).longClickable(false).checkable(false).checked(false).focusable(false).focused(false).scrollable(false).selected(false).index(0)"}[39m
[35m[HTTP][39m [37m<-- POST /wd/hub/session/3dc02d15-a44c-4418-8a35-32cbea7b8529/elements [39m[32m200[39m [90m139 ms - 523[39m
[35m[HTTP][39m [90m[39m
[35m[HTTP][39m [37m-->[39m [37mGET[39m [37m/wd/hub/session/3dc02d15-a44c-4418-8a35-32cbea7b8529/window/rect[39m
[35m[HTTP][39m [90m{}[39m
[35m[HTTP][39m [37m<-- GET /wd/hub/session/3dc02d15-a44c-4418-8a35-32cbea7b8529/window/rect [39m[32m200[39m [90m16 ms - 50[39m
[35m[HTTP][39m [90m[39m
[35m[HTTP][39m [37m-->[39m [37mPOST[39m [37m/wd/hub/session/3dc02d15-a44c-4418-8a35-32cbea7b8529/elements[39m
[35m[HTTP][39m [90m{"using":"xpath","value":"//hierarchy/android.widget.FrameLayout[1]/android.widget.LinearLayout[1]/android.widget.FrameLayout[1]/android.widget.LinearLayout[1]/android.widget.FrameLayout[1]/android.widget.RelativeLayout[1]/android.view.ViewGroup[1]/android.support.v4.view.ViewPager[1]/android.widget.LinearLayout[1]/android.view.ViewGroup[1]/android.support.v7.widget.RecyclerView[1]/android.widget.FrameLayout[1]/android.widget.RelativeLayout[1]/android.view.ViewGroup[1]/android.widget.ImageView[1]"}[39m
[35m[HTTP][39m [37m<-- POST /wd/hub/session/3dc02d15-a44c-4418-8a35-32cbea7b8529/elements [39m[32m200[39m [90m148 ms - 139[39m
[35m[HTTP][39m [90m[39m
[35m[HTTP][39m [37m-->[39m [37mGET[39m [37m/wd/hub/session/3dc02d15-a44c-4418-8a35-32cbea7b8529/element/7bd25b67-c6e6-4e10-b118-e7a47d7dd825/location[39m
[35m[HTTP][39m [90m{}[39m
[35m[W3C (3dc02d15)][39m Driver proxy active, passing request on via HTTP proxy
[35m[WD Proxy][39m Replacing sessionId 97d5e9cd-e051-4de9-ab43-a17807785afb with 3dc02d15-a44c-4418-8a35-32cbea7b8529
[35m[HTTP][39m [37m<-- GET /wd/hub/session/3dc02d15-a44c-4418-8a35-32cbea7b8529/element/7bd25b67-c6e6-4e10-b118-e7a47d7dd825/location [39m[32m200[39m [90m46 ms - 77[39m
[35m[HTTP][39m [90m[39m
[35m[HTTP][39m [37m-->[39m [37mPOST[39m [37m/wd/hub/session/3dc02d15-a44c-4418-8a35-32cbea7b8529/touch/perform[39m
[35m[HTTP][39m [90m{"actions":[{"action":"tap","options":{"x":1,"y":1,"element":"7bd25b67-c6e6-4e10-b118-e7a47d7dd825"}}]}[39m
[35m[UiAutomator2][39m calling get location: 7bd25b67-c6e6-4e10-b118-e7a47d7dd825
[35m[HTTP][39m [37m<-- POST /wd/hub/session/3dc02d15-a44c-4418-8a35-32cbea7b8529/touch/perform [39m[32m200[39m [90m160 ms - 14[39m
[35m[HTTP][39m [90m[39m
[35m[HTTP][39m [37m-->[39m [37mGET[39m [37m/wd/hub/session/3dc02d15-a44c-4418-8a35-32cbea7b8529/source[39m
[35m[HTTP][39m [90m{}[39m
[35m[W3C (3dc02d15)][39m Driver proxy active, passing request on via HTTP proxy
[35m[WD Proxy][39m Replacing sessionId 97d5e9cd-e051-4de9-ab43-a17807785afb with 3dc02d15-a44c-4418-8a35-32cbea7b8529
[35m[HTTP][39m [37m<-- GET /wd/hub/session/3dc02d15-a44c-4418-8a35-32cbea7b8529/source [39m[32m200[39m [90m1269 ms - 17340[39m
[35m[HTTP][39m [90m[39m
[35m[HTTP][39m [37m-->[39m [37mGET[39m [37m/wd/hub/session/3dc02d15-a44c-4418-8a35-32cbea7b8529/screenshot[39m
[35m[HTTP][39m [90m{}[39m
[35m[HTTP][39m [37m<-- GET /wd/hub/session/3dc02d15-a44c-4418-8a35-32cbea7b8529/screenshot [39m[32m200[39m [90m1125 ms - 1350870[39m
[35m[HTTP][39m [90m[39m
[35m[HTTP][39m [37m-->[39m [37mPOST[39m [37m/wd/hub/session/3dc02d15-a44c-4418-8a35-32cbea7b8529/elements[39m
[35m[HTTP][39m [90m{"using":"id","value":"com.solodroid.solomerce:id/product_quantity"}[39m
[35m[HTTP][39m [37m<-- POST /wd/hub/session/3dc02d15-a44c-4418-8a35-32cbea7b8529/elements [39m[32m200[39m [90m28 ms - 139[39m
[35m[HTTP][39m [90m[39m
[35m[HTTP][39m [37m-->[39m [37mGET[39m [37m/wd/hub/session/3dc02d15-a44c-4418-8a35-32cbea7b8529/window/rect[39m
[35m[HTTP][39m [90m{}[39m
[35m[HTTP][39m [37m<-- GET /wd/hub/session/3dc02d15-a44c-4418-8a35-32cbea7b8529/window/rect [39m[32m200[39m [90m21 ms - 50[39m
[35m[HTTP][39m [90m[39m
[35m[HTTP][39m [37m-->[39m [37mPOST[39m [37m/wd/hub/session/3dc02d15-a44c-4418-8a35-32cbea7b8529/elements[39m
[35m[HTTP][39m [90m{"using":"id","value":"com.solodroid.solomerce:id/product_quantity"}[39m
[35m[HTTP][39m [37m<-- POST /wd/hub/session/3dc02d15-a44c-4418-8a35-32cbea7b8529/elements [39m[32m200[39m [90m17 ms - 139[39m
[35m[HTTP][39m [90m[39m
[35m[HTTP][39m [37m-->[39m [37mGET[39m [37m/wd/hub/session/3dc02d15-a44c-4418-8a35-32cbea7b8529/element/a0c32699-d7a9-4c73-817c-380b50bd0b0b/location[39m
[35m[HTTP][39m [90m{}[39m
[35m[W3C (3dc02d15)][39m Driver proxy active, passing request on via HTTP proxy
[35m[WD Proxy][39m Replacing sessionId 97d5e9cd-e051-4de9-ab43-a17807785afb with 3dc02d15-a44c-4418-8a35-32cbea7b8529
[35m[HTTP][39m [37m<-- GET /wd/hub/session/3dc02d15-a44c-4418-8a35-32cbea7b8529/element/a0c32699-d7a9-4c73-817c-380b50bd0b0b/location [39m[32m200[39m [90m26 ms - 79[39m
[35m[HTTP][39m [90m[39m
[35m[HTTP][39m [37m-->[39m [37mPOST[39m [37m/wd/hub/session/3dc02d15-a44c-4418-8a35-32cbea7b8529/touch/perform[39m
[35m[HTTP][39m [90m{"actions":[{"action":"tap","options":{"x":1,"y":1,"element":"a0c32699-d7a9-4c73-817c-380b50bd0b0b"}}]}[39m
[35m[UiAutomator2][39m calling get location: a0c32699-d7a9-4c73-817c-380b50bd0b0b
[35m[HTTP][39m [37m<-- POST /wd/hub/session/3dc02d15-a44c-4418-8a35-32cbea7b8529/touch/perform [39m[32m200[39m [90m149 ms - 14[39m
[35m[HTTP][39m [90m[39m
[35m[HTTP][39m [37m-->[39m [37mGET[39m [37m/wd/hub/session/3dc02d15-a44c-4418-8a35-32cbea7b8529/source[39m
[35m[HTTP][39m [90m{}[39m
[35m[W3C (3dc02d15)][39m Driver proxy active, passing request on via HTTP proxy
[35m[WD Proxy][39m Replacing sessionId 97d5e9cd-e051-4de9-ab43-a17807785afb with 3dc02d15-a44c-4418-8a35-32cbea7b8529
[35m[HTTP][39m [37m<-- GET /wd/hub/session/3dc02d15-a44c-4418-8a35-32cbea7b8529/source [39m[32m200[39m [90m130 ms - 17340[39m
[35m[HTTP][39m [90m[39m
[35m[HTTP][39m [37m-->[39m [37mGET[39m [37m/wd/hub/session/3dc02d15-a44c-4418-8a35-32cbea7b8529/screenshot[39m
[35m[HTTP][39m [90m{}[39m
[35m[HTTP][39m [37m<-- GET /wd/hub/session/3dc02d15-a44c-4418-8a35-32cbea7b8529/screenshot [39m[32m200[39m [90m803 ms - 1350870[39m
[35m[HTTP][39m [90m[39m
[35m[HTTP][39m [37m-->[39m [37mDELETE[39m [37m/wd/hub/session/3dc02d15-a44c-4418-8a35-32cbea7b8529[39m
[35m[HTTP][39m [90m{}[39m
[35m[Appium][39m Removing session 3dc02d15-a44c-4418-8a35-32cbea7b8529 from our master session list
[35m[HTTP][39m [37m<-- DELETE /wd/hub/session/3dc02d15-a44c-4418-8a35-32cbea7b8529 [39m[32m200[39m [90m281 ms - 14[39m
[35m[HTTP][39m [90m[39m
